c:\users\soma0\desktop\jumpball\action\debug\vc142.pdb
c:\users\soma0\desktop\jumpball\action\debug\vc142.idb
c:\users\soma0\desktop\jumpball\action\debug\skeleton.obj
c:\users\soma0\desktop\jumpball\action\debug\skeletalmeshcomponent.obj
c:\users\soma0\desktop\jumpball\action\debug\shader.obj
c:\users\soma0\desktop\jumpball\action\debug\renderer.obj
c:\users\soma0\desktop\jumpball\action\debug\rapidjsonhelper.obj
c:\users\soma0\desktop\jumpball\action\debug\particlecomponent.obj
c:\users\soma0\desktop\jumpball\action\debug\meshcomponent.obj
c:\users\soma0\desktop\jumpball\action\debug\mesh.obj
c:\users\soma0\desktop\jumpball\action\debug\math.obj
c:\users\soma0\desktop\jumpball\action\debug\mapcreate.obj
c:\users\soma0\desktop\jumpball\action\debug\maincameraobject.obj
c:\users\soma0\desktop\jumpball\action\debug\main.obj
c:\users\soma0\desktop\jumpball\action\debug\inputsystem.obj
c:\users\soma0\desktop\jumpball\action\debug\gameobjectmanager.obj
c:\users\soma0\desktop\jumpball\action\debug\gameobject.obj
c:\users\soma0\desktop\jumpball\action\debug\game.obj
c:\users\soma0\desktop\jumpball\action\debug\fps.obj
c:\users\soma0\desktop\jumpball\action\debug\component.obj
c:\users\soma0\desktop\jumpball\action\debug\bonetransform.obj
c:\users\soma0\desktop\jumpball\action\debug\animation.obj
c:\users\soma0\desktop\jumpball\action\debug\vertexarray.obj
c:\users\soma0\desktop\jumpball\action\debug\texture.obj
c:\users\soma0\desktop\jumpball\action\debug\testscene.obj
c:\users\soma0\desktop\jumpball\action\debug\testobject.obj
c:\users\soma0\desktop\jumpball\action\debug\testcomponent.obj
c:\users\soma0\desktop\jumpball\action\debug\spritecomponent.obj
c:\users\soma0\desktop\jumpball\action\debug\ground.obj
c:\users\soma0\desktop\jumpball\action\debug\boxcollider.obj
c:\users\soma0\desktop\jumpball\action\debug\gamescene.obj
c:\users\soma0\desktop\jumpball\action\debug\player.obj
c:\users\soma0\desktop\jumpball\action\debug\physicsworld.obj
c:\users\soma0\desktop\jumpball\action\debug\collidercomponent.obj
c:\users\soma0\desktop\jumpball\action\debug\mapassets.obj
c:\users\soma0\desktop\jumpball\action\debug\collision.obj
c:\users\soma0\desktop\jumpball\action\debug\tiledmapcreater.obj
c:\users\soma0\desktop\jumpball\action\debug\assetmapcreater.obj
c:\users\soma0\desktop\jumpball\action\debug\loadasset.obj
c:\users\soma0\desktop\jumpball\action\debug\loadassetmap.obj
c:\users\soma0\desktop\jumpball\action\debug\loadtiledmap.obj
c:\users\soma0\desktop\jumpball\action\debug\opengl.exe
c:\users\soma0\desktop\jumpball\action\debug\opengl.ilk
c:\users\soma0\desktop\jumpball\action\debug\opengl.pdb
c:\users\soma0\desktop\jumpball\action\debug\opengl.tlog\cl.command.1.tlog
c:\users\soma0\desktop\jumpball\action\debug\opengl.tlog\cl.read.1.tlog
c:\users\soma0\desktop\jumpball\action\debug\opengl.tlog\cl.write.1.tlog
c:\users\soma0\desktop\jumpball\action\debug\opengl.tlog\link.command.1.tlog
c:\users\soma0\desktop\jumpball\action\debug\opengl.tlog\link.read.1.tlog
c:\users\soma0\desktop\jumpball\action\debug\opengl.tlog\link.write.1.tlog
