  Animation.cpp
C:\Users\soma0\Desktop\授業\openGL\SampleOpenGLProject\Action\Animation.cpp(5,10): fatal error C1083: include ファイルを開けません。'document.h':No such file or directory
  BoneTransform.cpp
  ColliderComponent.cpp
  Collision.cpp
  Component.cpp
  FPS.cpp
C:\Users\soma0\Desktop\授業\openGL\SampleOpenGLProject\Action\FPS.cpp(1,10): fatal error C1083: include ファイルを開けません。'SDL.h':No such file or directory
  Game.cpp
C:\Users\soma0\Desktop\授業\openGL\SampleOpenGLProject\Action\Game.h(3,10): fatal error C1083: include ファイルを開けません。'SDL.h':No such file or directory
  GameObject.cpp
C:\Users\soma0\Desktop\授業\openGL\SampleOpenGLProject\Action\Game.h(3,10): fatal error C1083: include ファイルを開けません。'SDL.h':No such file or directory
  GameObjectManager.cpp
C:\Users\soma0\Desktop\授業\openGL\SampleOpenGLProject\Action\GameObjectManager.h(4,10): fatal error C1083: include ファイルを開けません。'SDL.h':No such file or directory
  InputSystem.cpp
C:\Users\soma0\Desktop\授業\openGL\SampleOpenGLProject\Action\InputSystem.h(3,10): fatal error C1083: include ファイルを開けません。'SDL_scancode.h':No such file or directory
  main.cpp
C:\Users\soma0\Desktop\授業\openGL\SampleOpenGLProject\Action\main.cpp(4,10): fatal error C1083: include ファイルを開けません。'SDL.h':No such file or directory
  MainCameraObject.cpp
C:\Users\soma0\Desktop\授業\openGL\SampleOpenGLProject\Action\Renderer.h(5,10): fatal error C1083: include ファイルを開けません。'SDL.h':No such file or directory
  Math.cpp
  Mesh.cpp
C:\Users\soma0\Desktop\授業\openGL\SampleOpenGLProject\Action\Renderer.h(5,10): fatal error C1083: include ファイルを開けません。'SDL.h':No such file or directory
  MeshComponent.cpp
C:\Users\soma0\Desktop\授業\openGL\SampleOpenGLProject\Action\Game.h(3,10): fatal error C1083: include ファイルを開けません。'SDL.h':No such file or directory
  ParticleComponent.cpp
C:\Users\soma0\Desktop\授業\openGL\SampleOpenGLProject\Action\Shader.h(3,10): fatal error C1083: include ファイルを開けません。'glew.h':No such file or directory
  PhysicsWorld.cpp
  RapidJsonHelper.cpp
C:\Users\soma0\Desktop\授業\openGL\SampleOpenGLProject\Action\RapidJsonHelper.h(3,10): fatal error C1083: include ファイルを開けません。'document.h':No such file or directory
  Renderer.cpp
C:\Users\soma0\Desktop\授業\openGL\SampleOpenGLProject\Action\Renderer.h(5,10): fatal error C1083: include ファイルを開けません。'SDL.h':No such file or directory
  Shader.cpp
C:\Users\soma0\Desktop\授業\openGL\SampleOpenGLProject\Action\Shader.h(3,10): fatal error C1083: include ファイルを開けません。'glew.h':No such file or directory
  コードを生成中...
  コンパイル中...
  SkeletalMeshComponent.cpp
C:\Users\soma0\Desktop\授業\openGL\SampleOpenGLProject\Action\Shader.h(3,10): fatal error C1083: include ファイルを開けません。'glew.h':No such file or directory
  Skeleton.cpp
C:\Users\soma0\Desktop\授業\openGL\SampleOpenGLProject\Action\Skeleton.cpp(4,10): fatal error C1083: include ファイルを開けません。'document.h':No such file or directory
  SpriteComponent.cpp
C:\Users\soma0\Desktop\授業\openGL\SampleOpenGLProject\Action\Shader.h(3,10): fatal error C1083: include ファイルを開けません。'glew.h':No such file or directory
  TestComponent.cpp
  TestObject.cpp
C:\Users\soma0\Desktop\授業\openGL\SampleOpenGLProject\Action\Renderer.h(5,10): fatal error C1083: include ファイルを開けません。'SDL.h':No such file or directory
  TestScene.cpp
C:\Users\soma0\Desktop\授業\openGL\SampleOpenGLProject\Action\Renderer.h(5,10): fatal error C1083: include ファイルを開けません。'SDL.h':No such file or directory
  Texture.cpp
C:\Users\soma0\Desktop\授業\openGL\SampleOpenGLProject\Action\Texture.cpp(2,10): fatal error C1083: include ファイルを開けません。'glew.h':No such file or directory
  VertexArray.cpp
C:\Users\soma0\Desktop\授業\openGL\SampleOpenGLProject\Action\VertexArray.cpp(2,10): fatal error C1083: include ファイルを開けません。'glew.h':No such file or directory
  コードを生成中...
